{"C:\\Users\\biape\\blogging-api\\src\\controllers\\posts\\create-post.ts": {"path":"C:\\Users\\biape\\blogging-api\\src\\controllers\\posts\\create-post.ts","statementMap":{"0":{"start":{"line":9,"column":4},"end":{"line":18,"column":5}},"1":{"start":{"line":10,"column":35},"end":{"line":10,"column":69}},"2":{"start":{"line":12,"column":34},"end":{"line":12,"column":57}},"3":{"start":{"line":13,"column":21},"end":{"line":13,"column":72}},"4":{"start":{"line":15,"column":8},"end":{"line":15,"column":97}},"5":{"start":{"line":17,"column":8},"end":{"line":17,"column":38}}},"fnMap":{"0":{"name":"createPost","decl":{"start":{"line":8,"column":22},"end":{"line":8,"column":32}},"loc":{"start":{"line":8,"column":71},"end":{"line":19,"column":1}},"line":8}},"branchMap":{},"s":{"0":4,"1":4,"2":2,"3":2,"4":1,"5":3},"f":{"0":4},"b":{},"_coverageSchema":"1a1c01bbd47fc00a2c39e90264f33305004495a9","hash":"dbe7b80caafbf67fbc686128aade0864114c484a"}
,"C:\\Users\\biape\\blogging-api\\src\\controllers\\posts\\delete-post.ts": {"path":"C:\\Users\\biape\\blogging-api\\src\\controllers\\posts\\delete-post.ts","statementMap":{"0":{"start":{"line":9,"column":4},"end":{"line":18,"column":5}},"1":{"start":{"line":10,"column":23},"end":{"line":10,"column":61}},"2":{"start":{"line":12,"column":30},"end":{"line":12,"column":53}},"3":{"start":{"line":13,"column":8},"end":{"line":13,"column":40}},"4":{"start":{"line":15,"column":8},"end":{"line":15,"column":94}},"5":{"start":{"line":17,"column":8},"end":{"line":17,"column":37}}},"fnMap":{"0":{"name":"deletePost","decl":{"start":{"line":8,"column":22},"end":{"line":8,"column":32}},"loc":{"start":{"line":8,"column":71},"end":{"line":19,"column":1}},"line":8}},"branchMap":{},"s":{"0":3,"1":3,"2":2,"3":2,"4":1,"5":2},"f":{"0":3},"b":{},"_coverageSchema":"1a1c01bbd47fc00a2c39e90264f33305004495a9","hash":"2ee498a80322ee36500943b8e685ef2cc060169d"}
,"C:\\Users\\biape\\blogging-api\\src\\controllers\\posts\\get-all-posts-admin.ts": {"path":"C:\\Users\\biape\\blogging-api\\src\\controllers\\posts\\get-all-posts-admin.ts","statementMap":{"0":{"start":{"line":8,"column":4},"end":{"line":15,"column":5}},"1":{"start":{"line":9,"column":40},"end":{"line":9,"column":69}},"2":{"start":{"line":10,"column":22},"end":{"line":10,"column":61}},"3":{"start":{"line":12,"column":8},"end":{"line":12,"column":69}},"4":{"start":{"line":14,"column":8},"end":{"line":14,"column":38}}},"fnMap":{"0":{"name":"getAllPostsAdmin","decl":{"start":{"line":7,"column":22},"end":{"line":7,"column":38}},"loc":{"start":{"line":7,"column":77},"end":{"line":16,"column":1}},"line":7}},"branchMap":{},"s":{"0":2,"1":2,"2":2,"3":1,"4":1},"f":{"0":2},"b":{},"_coverageSchema":"1a1c01bbd47fc00a2c39e90264f33305004495a9","hash":"d611a71730602854bbf8671b9fe2f8643749a237"}
,"C:\\Users\\biape\\blogging-api\\src\\controllers\\posts\\get-all-posts-search.ts": {"path":"C:\\Users\\biape\\blogging-api\\src\\controllers\\posts\\get-all-posts-search.ts","statementMap":{"0":{"start":{"line":9,"column":4},"end":{"line":18,"column":5}},"1":{"start":{"line":10,"column":28},"end":{"line":10,"column":70}},"2":{"start":{"line":12,"column":41},"end":{"line":12,"column":71}},"3":{"start":{"line":13,"column":22},"end":{"line":13,"column":69}},"4":{"start":{"line":15,"column":8},"end":{"line":15,"column":69}},"5":{"start":{"line":17,"column":8},"end":{"line":17,"column":38}}},"fnMap":{"0":{"name":"getAllPostsSearch","decl":{"start":{"line":8,"column":22},"end":{"line":8,"column":39}},"loc":{"start":{"line":8,"column":78},"end":{"line":19,"column":1}},"line":8}},"branchMap":{},"s":{"0":3,"1":3,"2":2,"3":2,"4":1,"5":2},"f":{"0":3},"b":{},"_coverageSchema":"1a1c01bbd47fc00a2c39e90264f33305004495a9","hash":"414d9a135af4a64ec173233100c8aecf59e86af4"}
,"C:\\Users\\biape\\blogging-api\\src\\controllers\\posts\\get-all-posts.ts": {"path":"C:\\Users\\biape\\blogging-api\\src\\controllers\\posts\\get-all-posts.ts","statementMap":{"0":{"start":{"line":8,"column":4},"end":{"line":15,"column":5}},"1":{"start":{"line":9,"column":35},"end":{"line":9,"column":59}},"2":{"start":{"line":10,"column":22},"end":{"line":10,"column":56}},"3":{"start":{"line":12,"column":8},"end":{"line":12,"column":69}},"4":{"start":{"line":14,"column":8},"end":{"line":14,"column":38}}},"fnMap":{"0":{"name":"getAllPosts","decl":{"start":{"line":7,"column":22},"end":{"line":7,"column":33}},"loc":{"start":{"line":7,"column":72},"end":{"line":16,"column":1}},"line":7}},"branchMap":{},"s":{"0":2,"1":2,"2":2,"3":1,"4":1},"f":{"0":2},"b":{},"_coverageSchema":"1a1c01bbd47fc00a2c39e90264f33305004495a9","hash":"080c3237977ec4cc439746d4cb2e785e2329c95c"}
,"C:\\Users\\biape\\blogging-api\\src\\controllers\\posts\\get-post-by-id.ts": {"path":"C:\\Users\\biape\\blogging-api\\src\\controllers\\posts\\get-post-by-id.ts","statementMap":{"0":{"start":{"line":9,"column":4},"end":{"line":18,"column":5}},"1":{"start":{"line":10,"column":23},"end":{"line":10,"column":61}},"2":{"start":{"line":12,"column":35},"end":{"line":12,"column":59}},"3":{"start":{"line":13,"column":21},"end":{"line":13,"column":57}},"4":{"start":{"line":15,"column":8},"end":{"line":15,"column":68}},"5":{"start":{"line":17,"column":8},"end":{"line":17,"column":38}}},"fnMap":{"0":{"name":"getPostById","decl":{"start":{"line":8,"column":22},"end":{"line":8,"column":33}},"loc":{"start":{"line":8,"column":72},"end":{"line":19,"column":1}},"line":8}},"branchMap":{},"s":{"0":3,"1":3,"2":2,"3":2,"4":1,"5":2},"f":{"0":3},"b":{},"_coverageSchema":"1a1c01bbd47fc00a2c39e90264f33305004495a9","hash":"9a45f84bcffc677e01f1319a1f046fb2aa31a379"}
,"C:\\Users\\biape\\blogging-api\\src\\controllers\\posts\\update-post.ts": {"path":"C:\\Users\\biape\\blogging-api\\src\\controllers\\posts\\update-post.ts","statementMap":{"0":{"start":{"line":9,"column":4},"end":{"line":19,"column":5}},"1":{"start":{"line":10,"column":23},"end":{"line":10,"column":61}},"2":{"start":{"line":11,"column":35},"end":{"line":11,"column":69}},"3":{"start":{"line":13,"column":30},"end":{"line":13,"column":53}},"4":{"start":{"line":14,"column":8},"end":{"line":14,"column":60}},"5":{"start":{"line":16,"column":8},"end":{"line":16,"column":94}},"6":{"start":{"line":18,"column":8},"end":{"line":18,"column":37}}},"fnMap":{"0":{"name":"updatePost","decl":{"start":{"line":8,"column":22},"end":{"line":8,"column":32}},"loc":{"start":{"line":8,"column":71},"end":{"line":20,"column":1}},"line":8}},"branchMap":{},"s":{"0":5,"1":5,"2":4,"3":2,"4":2,"5":1,"6":4},"f":{"0":5},"b":{},"_coverageSchema":"1a1c01bbd47fc00a2c39e90264f33305004495a9","hash":"e5a1165c0efb194856bfbfe2afac943f83114b37"}
,"C:\\Users\\biape\\blogging-api\\src\\controllers\\users\\create-user.ts": {"path":"C:\\Users\\biape\\blogging-api\\src\\controllers\\users\\create-user.ts","statementMap":{"0":{"start":{"line":11,"column":4},"end":{"line":22,"column":5}},"1":{"start":{"line":12,"column":39},"end":{"line":12,"column":73}},"2":{"start":{"line":14,"column":31},"end":{"line":14,"column":54}},"3":{"start":{"line":16,"column":34},"end":{"line":16,"column":57}},"4":{"start":{"line":17,"column":21},"end":{"line":17,"column":92}},"5":{"start":{"line":19,"column":8},"end":{"line":19,"column":149}},"6":{"start":{"line":21,"column":8},"end":{"line":21,"column":38}}},"fnMap":{"0":{"name":"createUser","decl":{"start":{"line":10,"column":22},"end":{"line":10,"column":32}},"loc":{"start":{"line":10,"column":71},"end":{"line":23,"column":1}},"line":10}},"branchMap":{},"s":{"0":4,"1":4,"2":2,"3":2,"4":2,"5":1,"6":3},"f":{"0":4},"b":{},"_coverageSchema":"1a1c01bbd47fc00a2c39e90264f33305004495a9","hash":"371da1d11fe34ef629ff46feac9bc3feb53cff85"}
,"C:\\Users\\biape\\blogging-api\\src\\controllers\\users\\login-user.ts": {"path":"C:\\Users\\biape\\blogging-api\\src\\controllers\\users\\login-user.ts","statementMap":{"0":{"start":{"line":11,"column":19},"end":{"line":11,"column":41}},"1":{"start":{"line":14,"column":4},"end":{"line":29,"column":5}},"2":{"start":{"line":15,"column":39},"end":{"line":15,"column":73}},"3":{"start":{"line":17,"column":33},"end":{"line":17,"column":55}},"4":{"start":{"line":18,"column":21},"end":{"line":18,"column":61}},"5":{"start":{"line":20,"column":32},"end":{"line":20,"column":70}},"6":{"start":{"line":22,"column":8},"end":{"line":22,"column":62}},"7":{"start":{"line":22,"column":30},"end":{"line":22,"column":62}},"8":{"start":{"line":24,"column":22},"end":{"line":24,"column":74}},"9":{"start":{"line":26,"column":8},"end":{"line":26,"column":96}},"10":{"start":{"line":28,"column":8},"end":{"line":28,"column":38}}},"fnMap":{"0":{"name":"loginUser","decl":{"start":{"line":13,"column":22},"end":{"line":13,"column":31}},"loc":{"start":{"line":13,"column":70},"end":{"line":30,"column":1}},"line":13}},"branchMap":{"0":{"loc":{"start":{"line":22,"column":8},"end":{"line":22,"column":62}},"type":"if","locations":[{"start":{"line":22,"column":8},"end":{"line":22,"column":62}},{"start":{},"end":{}}],"line":22}},"s":{"0":1,"1":5,"2":5,"3":3,"4":3,"5":2,"6":2,"7":1,"8":1,"9":1,"10":4},"f":{"0":5},"b":{"0":[1,1]},"_coverageSchema":"1a1c01bbd47fc00a2c39e90264f33305004495a9","hash":"6206589f8f0c6aa85070407188249e85f59cb7cd"}
,"C:\\Users\\biape\\blogging-api\\src\\middlewares\\validate-jwt.ts": {"path":"C:\\Users\\biape\\blogging-api\\src\\middlewares\\validate-jwt.ts","statementMap":{"0":{"start":{"line":7,"column":4},"end":{"line":21,"column":5}},"1":{"start":{"line":8,"column":30},"end":{"line":8,"column":80}},"2":{"start":{"line":9,"column":31},"end":{"line":9,"column":73}},"3":{"start":{"line":11,"column":8},"end":{"line":16,"column":9}},"4":{"start":{"line":12,"column":34},"end":{"line":12,"column":66}},"5":{"start":{"line":13,"column":26},"end":{"line":13,"column":53}},"6":{"start":{"line":14,"column":31},"end":{"line":14,"column":53}},"7":{"start":{"line":15,"column":12},"end":{"line":15,"column":38}},"8":{"start":{"line":18,"column":8},"end":{"line":18,"column":15}},"9":{"start":{"line":20,"column":8},"end":{"line":20,"column":47}}},"fnMap":{"0":{"name":"validateJwt","decl":{"start":{"line":6,"column":16},"end":{"line":6,"column":27}},"loc":{"start":{"line":6,"column":87},"end":{"line":22,"column":1}},"line":6}},"branchMap":{"0":{"loc":{"start":{"line":11,"column":8},"end":{"line":16,"column":9}},"type":"if","locations":[{"start":{"line":11,"column":8},"end":{"line":16,"column":9}},{"start":{},"end":{}}],"line":11}},"s":{"0":0,"1":0,"2":0,"3":0,"4":0,"5":0,"6":0,"7":0,"8":0,"9":0},"f":{"0":0},"b":{"0":[0,0]}}
,"C:\\Users\\biape\\blogging-api\\src\\routes\\index.routes.ts": {"path":"C:\\Users\\biape\\blogging-api\\src\\routes\\index.routes.ts","statementMap":{"0":{"start":{"line":12,"column":15},"end":{"line":12,"column":23}},"1":{"start":{"line":14,"column":0},"end":{"line":14,"column":37}},"2":{"start":{"line":15,"column":0},"end":{"line":15,"column":40}},"3":{"start":{"line":16,"column":0},"end":{"line":16,"column":47}},"4":{"start":{"line":17,"column":0},"end":{"line":17,"column":45}},"5":{"start":{"line":18,"column":0},"end":{"line":18,"column":38}},"6":{"start":{"line":19,"column":0},"end":{"line":19,"column":34}},"7":{"start":{"line":20,"column":0},"end":{"line":20,"column":34}},"8":{"start":{"line":21,"column":0},"end":{"line":21,"column":34}},"9":{"start":{"line":22,"column":0},"end":{"line":22,"column":39}}},"fnMap":{},"branchMap":{},"s":{"0":0,"1":0,"2":0,"3":0,"4":0,"5":0,"6":0,"7":0,"8":0,"9":0},"f":{},"b":{}}
,"C:\\Users\\biape\\blogging-api\\src\\services\\posts\\create-post-service.ts": {"path":"C:\\Users\\biape\\blogging-api\\src\\services\\posts\\create-post-service.ts","statementMap":{"0":{"start":{"line":6,"column":29},"end":{"line":6,"column":43}},"1":{"start":{"line":9,"column":21},"end":{"line":9,"column":53}},"2":{"start":{"line":10,"column":8},"end":{"line":10,"column":52}}},"fnMap":{"0":{"name":"(anonymous_0)","decl":{"start":{"line":8,"column":4},"end":{"line":8,"column":5}},"loc":{"start":{"line":8,"column":33},"end":{"line":11,"column":5}},"line":8}},"branchMap":{},"s":{"0":0,"1":0,"2":0},"f":{"0":0},"b":{},"_coverageSchema":"1a1c01bbd47fc00a2c39e90264f33305004495a9","hash":"7dc91dcbf14314a61020b49ea0ab680c12a4c8c5"}
,"C:\\Users\\biape\\blogging-api\\src\\services\\posts\\delete-post-service.ts": {"path":"C:\\Users\\biape\\blogging-api\\src\\services\\posts\\delete-post-service.ts","statementMap":{"0":{"start":{"line":5,"column":29},"end":{"line":5,"column":43}},"1":{"start":{"line":8,"column":21},"end":{"line":10,"column":10}},"2":{"start":{"line":12,"column":8},"end":{"line":14,"column":9}},"3":{"start":{"line":13,"column":12},"end":{"line":13,"column":33}},"4":{"start":{"line":16,"column":8},"end":{"line":19,"column":23}}},"fnMap":{"0":{"name":"(anonymous_0)","decl":{"start":{"line":7,"column":4},"end":{"line":7,"column":5}},"loc":{"start":{"line":7,"column":30},"end":{"line":20,"column":5}},"line":7}},"branchMap":{"0":{"loc":{"start":{"line":12,"column":8},"end":{"line":14,"column":9}},"type":"if","locations":[{"start":{"line":12,"column":8},"end":{"line":14,"column":9}},{"start":{},"end":{}}],"line":12}},"s":{"0":0,"1":0,"2":0,"3":0,"4":0},"f":{"0":0},"b":{"0":[0,0]},"_coverageSchema":"1a1c01bbd47fc00a2c39e90264f33305004495a9","hash":"57ddbdd8545ca5c11bb7ab87d41ac23665ebfd75"}
,"C:\\Users\\biape\\blogging-api\\src\\services\\posts\\get-all-posts-admin-service.ts": {"path":"C:\\Users\\biape\\blogging-api\\src\\services\\posts\\get-all-posts-admin-service.ts","statementMap":{"0":{"start":{"line":4,"column":29},"end":{"line":4,"column":43}},"1":{"start":{"line":7,"column":22},"end":{"line":7,"column":54}},"2":{"start":{"line":8,"column":8},"end":{"line":8,"column":21}}},"fnMap":{"0":{"name":"(anonymous_0)","decl":{"start":{"line":6,"column":4},"end":{"line":6,"column":5}},"loc":{"start":{"line":6,"column":20},"end":{"line":9,"column":5}},"line":6}},"branchMap":{},"s":{"0":0,"1":0,"2":0},"f":{"0":0},"b":{},"_coverageSchema":"1a1c01bbd47fc00a2c39e90264f33305004495a9","hash":"3ed4c819be03c731aa129a3579939f00807355aa"}
,"C:\\Users\\biape\\blogging-api\\src\\services\\posts\\get-all-posts-search-service.ts": {"path":"C:\\Users\\biape\\blogging-api\\src\\services\\posts\\get-all-posts-search-service.ts","statementMap":{"0":{"start":{"line":5,"column":29},"end":{"line":5,"column":43}},"1":{"start":{"line":8,"column":22},"end":{"line":8,"column":89}},"2":{"start":{"line":9,"column":8},"end":{"line":9,"column":21}}},"fnMap":{"0":{"name":"(anonymous_0)","decl":{"start":{"line":7,"column":4},"end":{"line":7,"column":5}},"loc":{"start":{"line":7,"column":35},"end":{"line":10,"column":5}},"line":7}},"branchMap":{},"s":{"0":0,"1":0,"2":0},"f":{"0":0},"b":{},"_coverageSchema":"1a1c01bbd47fc00a2c39e90264f33305004495a9","hash":"8190cb376bc55791afda70a13e269a7cbdd1f243"}
,"C:\\Users\\biape\\blogging-api\\src\\services\\posts\\get-all-posts-service.ts": {"path":"C:\\Users\\biape\\blogging-api\\src\\services\\posts\\get-all-posts-service.ts","statementMap":{"0":{"start":{"line":4,"column":29},"end":{"line":4,"column":43}},"1":{"start":{"line":7,"column":22},"end":{"line":7,"column":112}},"2":{"start":{"line":8,"column":8},"end":{"line":8,"column":21}}},"fnMap":{"0":{"name":"(anonymous_0)","decl":{"start":{"line":6,"column":4},"end":{"line":6,"column":5}},"loc":{"start":{"line":6,"column":20},"end":{"line":9,"column":5}},"line":6}},"branchMap":{},"s":{"0":0,"1":0,"2":0},"f":{"0":0},"b":{},"_coverageSchema":"1a1c01bbd47fc00a2c39e90264f33305004495a9","hash":"df473f383fbca7c228c254a08696f6260c09a3ba"}
,"C:\\Users\\biape\\blogging-api\\src\\services\\posts\\get-post-by-id-service.ts": {"path":"C:\\Users\\biape\\blogging-api\\src\\services\\posts\\get-post-by-id-service.ts","statementMap":{"0":{"start":{"line":5,"column":29},"end":{"line":5,"column":43}},"1":{"start":{"line":8,"column":21},"end":{"line":10,"column":10}},"2":{"start":{"line":12,"column":8},"end":{"line":14,"column":9}},"3":{"start":{"line":13,"column":12},"end":{"line":13,"column":33}},"4":{"start":{"line":16,"column":8},"end":{"line":16,"column":20}}},"fnMap":{"0":{"name":"(anonymous_0)","decl":{"start":{"line":7,"column":4},"end":{"line":7,"column":5}},"loc":{"start":{"line":7,"column":30},"end":{"line":17,"column":5}},"line":7}},"branchMap":{"0":{"loc":{"start":{"line":12,"column":8},"end":{"line":14,"column":9}},"type":"if","locations":[{"start":{"line":12,"column":8},"end":{"line":14,"column":9}},{"start":{},"end":{}}],"line":12}},"s":{"0":0,"1":0,"2":0,"3":0,"4":0},"f":{"0":0},"b":{"0":[0,0]},"_coverageSchema":"1a1c01bbd47fc00a2c39e90264f33305004495a9","hash":"cd3fbb8d57f39a5470d6ce10ab83c79e71b623a5"}
,"C:\\Users\\biape\\blogging-api\\src\\services\\posts\\update-post-service.ts": {"path":"C:\\Users\\biape\\blogging-api\\src\\services\\posts\\update-post-service.ts","statementMap":{"0":{"start":{"line":6,"column":29},"end":{"line":6,"column":43}},"1":{"start":{"line":9,"column":21},"end":{"line":11,"column":10}},"2":{"start":{"line":13,"column":8},"end":{"line":15,"column":9}},"3":{"start":{"line":14,"column":12},"end":{"line":14,"column":33}},"4":{"start":{"line":17,"column":8},"end":{"line":24,"column":23}}},"fnMap":{"0":{"name":"(anonymous_0)","decl":{"start":{"line":8,"column":4},"end":{"line":8,"column":5}},"loc":{"start":{"line":8,"column":52},"end":{"line":25,"column":5}},"line":8}},"branchMap":{"0":{"loc":{"start":{"line":13,"column":8},"end":{"line":15,"column":9}},"type":"if","locations":[{"start":{"line":13,"column":8},"end":{"line":15,"column":9}},{"start":{},"end":{}}],"line":13}},"s":{"0":0,"1":0,"2":0,"3":0,"4":0},"f":{"0":0},"b":{"0":[0,0]},"_coverageSchema":"1a1c01bbd47fc00a2c39e90264f33305004495a9","hash":"10f3595a02f8e1b12b76a594adf97c850c9672ad"}
,"C:\\Users\\biape\\blogging-api\\src\\services\\users\\create-user-service.ts": {"path":"C:\\Users\\biape\\blogging-api\\src\\services\\users\\create-user-service.ts","statementMap":{"0":{"start":{"line":6,"column":29},"end":{"line":6,"column":43}},"1":{"start":{"line":10,"column":21},"end":{"line":12,"column":10}},"2":{"start":{"line":14,"column":8},"end":{"line":16,"column":9}},"3":{"start":{"line":15,"column":12},"end":{"line":15,"column":38}},"4":{"start":{"line":18,"column":24},"end":{"line":18,"column":56}},"5":{"start":{"line":19,"column":8},"end":{"line":19,"column":55}}},"fnMap":{"0":{"name":"(anonymous_0)","decl":{"start":{"line":8,"column":4},"end":{"line":8,"column":5}},"loc":{"start":{"line":8,"column":33},"end":{"line":20,"column":5}},"line":8}},"branchMap":{"0":{"loc":{"start":{"line":14,"column":8},"end":{"line":16,"column":9}},"type":"if","locations":[{"start":{"line":14,"column":8},"end":{"line":16,"column":9}},{"start":{},"end":{}}],"line":14}},"s":{"0":0,"1":0,"2":0,"3":0,"4":0,"5":0},"f":{"0":0},"b":{"0":[0,0]},"_coverageSchema":"1a1c01bbd47fc00a2c39e90264f33305004495a9","hash":"dd786a95512c604572ff70aee5ccde03a4194a71"}
,"C:\\Users\\biape\\blogging-api\\src\\services\\users\\login-user-service.ts": {"path":"C:\\Users\\biape\\blogging-api\\src\\services\\users\\login-user-service.ts","statementMap":{"0":{"start":{"line":5,"column":29},"end":{"line":5,"column":43}},"1":{"start":{"line":8,"column":21},"end":{"line":10,"column":10}},"2":{"start":{"line":12,"column":8},"end":{"line":12,"column":50}},"3":{"start":{"line":12,"column":18},"end":{"line":12,"column":50}},"4":{"start":{"line":14,"column":8},"end":{"line":14,"column":20}}},"fnMap":{"0":{"name":"(anonymous_0)","decl":{"start":{"line":7,"column":4},"end":{"line":7,"column":5}},"loc":{"start":{"line":7,"column":36},"end":{"line":15,"column":5}},"line":7}},"branchMap":{"0":{"loc":{"start":{"line":12,"column":8},"end":{"line":12,"column":50}},"type":"if","locations":[{"start":{"line":12,"column":8},"end":{"line":12,"column":50}},{"start":{},"end":{}}],"line":12}},"s":{"0":0,"1":0,"2":0,"3":0,"4":0},"f":{"0":0},"b":{"0":[0,0]},"_coverageSchema":"1a1c01bbd47fc00a2c39e90264f33305004495a9","hash":"662790820575726dbbce71b0270e66cfba13233d"}
,"C:\\Users\\biape\\blogging-api\\src\\utils\\errorHandler.ts": {"path":"C:\\Users\\biape\\blogging-api\\src\\utils\\errorHandler.ts","statementMap":{"0":{"start":{"line":7,"column":4},"end":{"line":9,"column":5}},"1":{"start":{"line":8,"column":8},"end":{"line":8,"column":99}},"2":{"start":{"line":11,"column":4},"end":{"line":13,"column":5}},"3":{"start":{"line":12,"column":8},"end":{"line":12,"column":80}},"4":{"start":{"line":15,"column":4},"end":{"line":17,"column":5}},"5":{"start":{"line":16,"column":8},"end":{"line":16,"column":92}},"6":{"start":{"line":19,"column":4},"end":{"line":21,"column":5}},"7":{"start":{"line":20,"column":8},"end":{"line":20,"column":81}},"8":{"start":{"line":23,"column":4},"end":{"line":25,"column":5}},"9":{"start":{"line":24,"column":8},"end":{"line":24,"column":101}},"10":{"start":{"line":27,"column":4},"end":{"line":27,"column":68}},"11":{"start":{"line":31,"column":4},"end":{"line":31,"column":60}},"12":{"start":{"line":35,"column":4},"end":{"line":35,"column":64}},"13":{"start":{"line":39,"column":4},"end":{"line":39,"column":86}}},"fnMap":{"0":{"name":"errorHandler","decl":{"start":{"line":6,"column":16},"end":{"line":6,"column":28}},"loc":{"start":{"line":6,"column":61},"end":{"line":28,"column":1}},"line":6},"1":{"name":"handlePostNotFound","decl":{"start":{"line":30,"column":16},"end":{"line":30,"column":34}},"loc":{"start":{"line":30,"column":37},"end":{"line":32,"column":1}},"line":30},"2":{"name":"handleUserAlreadyExists","decl":{"start":{"line":34,"column":16},"end":{"line":34,"column":39}},"loc":{"start":{"line":34,"column":42},"end":{"line":36,"column":1}},"line":34},"3":{"name":"handleInvalidCredentialsError","decl":{"start":{"line":38,"column":16},"end":{"line":38,"column":45}},"loc":{"start":{"line":38,"column":48},"end":{"line":40,"column":1}},"line":38}},"branchMap":{"0":{"loc":{"start":{"line":7,"column":4},"end":{"line":9,"column":5}},"type":"if","locations":[{"start":{"line":7,"column":4},"end":{"line":9,"column":5}},{"start":{},"end":{}}],"line":7},"1":{"loc":{"start":{"line":11,"column":4},"end":{"line":13,"column":5}},"type":"if","locations":[{"start":{"line":11,"column":4},"end":{"line":13,"column":5}},{"start":{},"end":{}}],"line":11},"2":{"loc":{"start":{"line":15,"column":4},"end":{"line":17,"column":5}},"type":"if","locations":[{"start":{"line":15,"column":4},"end":{"line":17,"column":5}},{"start":{},"end":{}}],"line":15},"3":{"loc":{"start":{"line":19,"column":4},"end":{"line":21,"column":5}},"type":"if","locations":[{"start":{"line":19,"column":4},"end":{"line":21,"column":5}},{"start":{},"end":{}}],"line":19},"4":{"loc":{"start":{"line":23,"column":4},"end":{"line":25,"column":5}},"type":"if","locations":[{"start":{"line":23,"column":4},"end":{"line":25,"column":5}},{"start":{},"end":{}}],"line":23}},"s":{"0":22,"1":12,"2":10,"3":0,"4":10,"5":0,"6":10,"7":0,"8":10,"9":1,"10":9,"11":1,"12":1,"13":2},"f":{"0":22,"1":1,"2":1,"3":2},"b":{"0":[12,10],"1":[0,10],"2":[0,10],"3":[0,10],"4":[1,9]},"_coverageSchema":"1a1c01bbd47fc00a2c39e90264f33305004495a9","hash":"5f00c41362bd02d2d666c0f1d26227b05d12ab45"}
,"C:\\Users\\biape\\blogging-api\\src\\utils\\schemas.ts": {"path":"C:\\Users\\biape\\blogging-api\\src\\utils\\schemas.ts","statementMap":{"0":{"start":{"line":3,"column":30},"end":{"line":6,"column":2}},"1":{"start":{"line":8,"column":32},"end":{"line":10,"column":2}},"2":{"start":{"line":12,"column":37},"end":{"line":14,"column":2}},"3":{"start":{"line":17,"column":30},"end":{"line":20,"column":2}}},"fnMap":{},"branchMap":{},"s":{"0":7,"1":7,"2":7,"3":7},"f":{},"b":{},"_coverageSchema":"1a1c01bbd47fc00a2c39e90264f33305004495a9","hash":"8fe2094434c5141f5d42368a729e356b2f067925"}
}
