{"C:\\Users\\biape\\blogging-api\\src\\server.ts": {"path":"C:\\Users\\biape\\blogging-api\\src\\server.ts","statementMap":{"0":{"start":{"line":9,"column":12},"end":{"line":9,"column":21}},"1":{"start":{"line":10,"column":0},"end":{"line":10,"column":24}},"2":{"start":{"line":11,"column":0},"end":{"line":11,"column":16}},"3":{"start":{"line":12,"column":0},"end":{"line":12,"column":20}},"4":{"start":{"line":13,"column":0},"end":{"line":13,"column":16}},"5":{"start":{"line":15,"column":0},"end":{"line":24,"column":2}},"6":{"start":{"line":16,"column":4},"end":{"line":16,"column":38}},"7":{"start":{"line":17,"column":17},"end":{"line":17,"column":41}},"8":{"start":{"line":19,"column":4},"end":{"line":21,"column":6}},"9":{"start":{"line":20,"column":8},"end":{"line":20,"column":57}},"10":{"start":{"line":23,"column":4},"end":{"line":23,"column":56}}},"fnMap":{"0":{"name":"(anonymous_0)","decl":{"start":{"line":15,"column":32},"end":{"line":15,"column":33}},"loc":{"start":{"line":15,"column":38},"end":{"line":22,"column":1}},"line":15},"1":{"name":"(anonymous_1)","decl":{"start":{"line":19,"column":21},"end":{"line":19,"column":22}},"loc":{"start":{"line":19,"column":33},"end":{"line":21,"column":5}},"line":19},"2":{"name":"(anonymous_2)","decl":{"start":{"line":22,"column":9},"end":{"line":22,"column":10}},"loc":{"start":{"line":22,"column":16},"end":{"line":24,"column":1}},"line":22}},"branchMap":{"0":{"loc":{"start":{"line":17,"column":17},"end":{"line":17,"column":41}},"type":"binary-expr","locations":[{"start":{"line":17,"column":17},"end":{"line":17,"column":33}},{"start":{"line":17,"column":37},"end":{"line":17,"column":41}}],"line":17}},"s":{"0":0,"1":0,"2":0,"3":0,"4":0,"5":0,"6":0,"7":0,"8":0,"9":0,"10":0},"f":{"0":0,"1":0,"2":0},"b":{"0":[0,0]}}
,"C:\\Users\\biape\\blogging-api\\src\\controllers\\posts\\create-post.ts": {"path":"C:\\Users\\biape\\blogging-api\\src\\controllers\\posts\\create-post.ts","statementMap":{"0":{"start":{"line":8,"column":31},"end":{"line":8,"column":65}},"1":{"start":{"line":10,"column":4},"end":{"line":17,"column":5}},"2":{"start":{"line":11,"column":34},"end":{"line":11,"column":57}},"3":{"start":{"line":12,"column":21},"end":{"line":12,"column":72}},"4":{"start":{"line":14,"column":8},"end":{"line":14,"column":97}},"5":{"start":{"line":16,"column":8},"end":{"line":16,"column":38}}},"fnMap":{"0":{"name":"createPost","decl":{"start":{"line":7,"column":22},"end":{"line":7,"column":32}},"loc":{"start":{"line":7,"column":71},"end":{"line":18,"column":1}},"line":7}},"branchMap":{},"s":{"0":0,"1":0,"2":0,"3":0,"4":0,"5":0},"f":{"0":0},"b":{}}
,"C:\\Users\\biape\\blogging-api\\src\\controllers\\posts\\delete-post.ts": {"path":"C:\\Users\\biape\\blogging-api\\src\\controllers\\posts\\delete-post.ts","statementMap":{"0":{"start":{"line":8,"column":19},"end":{"line":8,"column":57}},"1":{"start":{"line":10,"column":4},"end":{"line":17,"column":5}},"2":{"start":{"line":11,"column":30},"end":{"line":11,"column":53}},"3":{"start":{"line":12,"column":8},"end":{"line":12,"column":40}},"4":{"start":{"line":14,"column":8},"end":{"line":14,"column":94}},"5":{"start":{"line":16,"column":8},"end":{"line":16,"column":37}}},"fnMap":{"0":{"name":"deletePost","decl":{"start":{"line":7,"column":22},"end":{"line":7,"column":32}},"loc":{"start":{"line":7,"column":71},"end":{"line":18,"column":1}},"line":7}},"branchMap":{},"s":{"0":0,"1":0,"2":0,"3":0,"4":0,"5":0},"f":{"0":0},"b":{}}
,"C:\\Users\\biape\\blogging-api\\src\\controllers\\posts\\get-all-posts-admin.ts": {"path":"C:\\Users\\biape\\blogging-api\\src\\controllers\\posts\\get-all-posts-admin.ts","statementMap":{"0":{"start":{"line":7,"column":4},"end":{"line":14,"column":5}},"1":{"start":{"line":8,"column":40},"end":{"line":8,"column":69}},"2":{"start":{"line":9,"column":22},"end":{"line":9,"column":61}},"3":{"start":{"line":11,"column":8},"end":{"line":11,"column":69}},"4":{"start":{"line":13,"column":8},"end":{"line":13,"column":38}}},"fnMap":{"0":{"name":"getAllPostsAdmin","decl":{"start":{"line":6,"column":22},"end":{"line":6,"column":38}},"loc":{"start":{"line":6,"column":77},"end":{"line":15,"column":1}},"line":6}},"branchMap":{},"s":{"0":0,"1":0,"2":0,"3":0,"4":0},"f":{"0":0},"b":{}}
,"C:\\Users\\biape\\blogging-api\\src\\controllers\\posts\\get-all-posts-search.ts": {"path":"C:\\Users\\biape\\blogging-api\\src\\controllers\\posts\\get-all-posts-search.ts","statementMap":{"0":{"start":{"line":8,"column":24},"end":{"line":8,"column":95}},"1":{"start":{"line":9,"column":4},"end":{"line":16,"column":5}},"2":{"start":{"line":10,"column":41},"end":{"line":10,"column":71}},"3":{"start":{"line":11,"column":22},"end":{"line":11,"column":69}},"4":{"start":{"line":13,"column":8},"end":{"line":13,"column":69}},"5":{"start":{"line":15,"column":8},"end":{"line":15,"column":38}}},"fnMap":{"0":{"name":"getAllPostsSearch","decl":{"start":{"line":7,"column":22},"end":{"line":7,"column":39}},"loc":{"start":{"line":7,"column":78},"end":{"line":17,"column":1}},"line":7}},"branchMap":{},"s":{"0":0,"1":0,"2":0,"3":0,"4":0,"5":0},"f":{"0":0},"b":{}}
,"C:\\Users\\biape\\blogging-api\\src\\controllers\\posts\\get-all-posts.ts": {"path":"C:\\Users\\biape\\blogging-api\\src\\controllers\\posts\\get-all-posts.ts","statementMap":{"0":{"start":{"line":7,"column":4},"end":{"line":14,"column":5}},"1":{"start":{"line":8,"column":35},"end":{"line":8,"column":59}},"2":{"start":{"line":9,"column":22},"end":{"line":9,"column":56}},"3":{"start":{"line":11,"column":8},"end":{"line":11,"column":69}},"4":{"start":{"line":13,"column":8},"end":{"line":13,"column":38}}},"fnMap":{"0":{"name":"getAllPosts","decl":{"start":{"line":6,"column":22},"end":{"line":6,"column":33}},"loc":{"start":{"line":6,"column":72},"end":{"line":15,"column":1}},"line":6}},"branchMap":{},"s":{"0":0,"1":0,"2":0,"3":0,"4":0},"f":{"0":0},"b":{}}
,"C:\\Users\\biape\\blogging-api\\src\\controllers\\posts\\get-post-by-id.ts": {"path":"C:\\Users\\biape\\blogging-api\\src\\controllers\\posts\\get-post-by-id.ts","statementMap":{"0":{"start":{"line":8,"column":19},"end":{"line":8,"column":57}},"1":{"start":{"line":10,"column":4},"end":{"line":17,"column":5}},"2":{"start":{"line":11,"column":35},"end":{"line":11,"column":59}},"3":{"start":{"line":12,"column":21},"end":{"line":12,"column":57}},"4":{"start":{"line":14,"column":8},"end":{"line":14,"column":68}},"5":{"start":{"line":16,"column":8},"end":{"line":16,"column":38}}},"fnMap":{"0":{"name":"getPostById","decl":{"start":{"line":7,"column":22},"end":{"line":7,"column":33}},"loc":{"start":{"line":7,"column":72},"end":{"line":18,"column":1}},"line":7}},"branchMap":{},"s":{"0":0,"1":0,"2":0,"3":0,"4":0,"5":0},"f":{"0":0},"b":{}}
,"C:\\Users\\biape\\blogging-api\\src\\controllers\\posts\\update-post.ts": {"path":"C:\\Users\\biape\\blogging-api\\src\\controllers\\posts\\update-post.ts","statementMap":{"0":{"start":{"line":8,"column":19},"end":{"line":8,"column":57}},"1":{"start":{"line":9,"column":31},"end":{"line":9,"column":65}},"2":{"start":{"line":11,"column":4},"end":{"line":18,"column":5}},"3":{"start":{"line":12,"column":30},"end":{"line":12,"column":53}},"4":{"start":{"line":13,"column":8},"end":{"line":13,"column":60}},"5":{"start":{"line":15,"column":8},"end":{"line":15,"column":94}},"6":{"start":{"line":17,"column":8},"end":{"line":17,"column":37}}},"fnMap":{"0":{"name":"updatePost","decl":{"start":{"line":7,"column":22},"end":{"line":7,"column":32}},"loc":{"start":{"line":7,"column":71},"end":{"line":19,"column":1}},"line":7}},"branchMap":{},"s":{"0":0,"1":0,"2":0,"3":0,"4":0,"5":0,"6":0},"f":{"0":0},"b":{}}
,"C:\\Users\\biape\\blogging-api\\src\\controllers\\users\\create-user.ts": {"path":"C:\\Users\\biape\\blogging-api\\src\\controllers\\users\\create-user.ts","statementMap":{"0":{"start":{"line":9,"column":35},"end":{"line":9,"column":69}},"1":{"start":{"line":10,"column":27},"end":{"line":10,"column":50}},"2":{"start":{"line":11,"column":35},"end":{"line":11,"column":73}},"3":{"start":{"line":13,"column":4},"end":{"line":20,"column":5}},"4":{"start":{"line":14,"column":34},"end":{"line":14,"column":57}},"5":{"start":{"line":15,"column":21},"end":{"line":15,"column":76}},"6":{"start":{"line":17,"column":8},"end":{"line":17,"column":160}},"7":{"start":{"line":19,"column":8},"end":{"line":19,"column":46}}},"fnMap":{"0":{"name":"createUser","decl":{"start":{"line":8,"column":22},"end":{"line":8,"column":32}},"loc":{"start":{"line":8,"column":71},"end":{"line":21,"column":1}},"line":8}},"branchMap":{},"s":{"0":0,"1":0,"2":0,"3":0,"4":0,"5":0,"6":0,"7":0},"f":{"0":0},"b":{}}
,"C:\\Users\\biape\\blogging-api\\src\\controllers\\users\\login-user.ts": {"path":"C:\\Users\\biape\\blogging-api\\src\\controllers\\users\\login-user.ts","statementMap":{"0":{"start":{"line":11,"column":35},"end":{"line":11,"column":69}},"1":{"start":{"line":13,"column":4},"end":{"line":26,"column":5}},"2":{"start":{"line":14,"column":27},"end":{"line":14,"column":49}},"3":{"start":{"line":16,"column":33},"end":{"line":16,"column":55}},"4":{"start":{"line":17,"column":21},"end":{"line":17,"column":61}},"5":{"start":{"line":19,"column":34},"end":{"line":19,"column":72}},"6":{"start":{"line":20,"column":8},"end":{"line":20,"column":63}},"7":{"start":{"line":20,"column":31},"end":{"line":20,"column":63}},"8":{"start":{"line":22,"column":22},"end":{"line":22,"column":74}},"9":{"start":{"line":23,"column":8},"end":{"line":23,"column":96}},"10":{"start":{"line":25,"column":8},"end":{"line":25,"column":46}}},"fnMap":{"0":{"name":"loginUser","decl":{"start":{"line":10,"column":22},"end":{"line":10,"column":31}},"loc":{"start":{"line":10,"column":69},"end":{"line":27,"column":1}},"line":10}},"branchMap":{"0":{"loc":{"start":{"line":20,"column":8},"end":{"line":20,"column":63}},"type":"if","locations":[{"start":{"line":20,"column":8},"end":{"line":20,"column":63}},{"start":{},"end":{}}],"line":20}},"s":{"0":0,"1":0,"2":0,"3":0,"4":0,"5":0,"6":0,"7":0,"8":0,"9":0,"10":0},"f":{"0":0},"b":{"0":[0,0]}}
,"C:\\Users\\biape\\blogging-api\\src\\middlewares\\validate-jwt.ts": {"path":"C:\\Users\\biape\\blogging-api\\src\\middlewares\\validate-jwt.ts","statementMap":{"0":{"start":{"line":7,"column":4},"end":{"line":21,"column":5}},"1":{"start":{"line":8,"column":30},"end":{"line":8,"column":80}},"2":{"start":{"line":9,"column":31},"end":{"line":9,"column":73}},"3":{"start":{"line":11,"column":8},"end":{"line":16,"column":9}},"4":{"start":{"line":12,"column":34},"end":{"line":12,"column":66}},"5":{"start":{"line":13,"column":26},"end":{"line":13,"column":53}},"6":{"start":{"line":14,"column":31},"end":{"line":14,"column":53}},"7":{"start":{"line":15,"column":12},"end":{"line":15,"column":38}},"8":{"start":{"line":18,"column":8},"end":{"line":18,"column":15}},"9":{"start":{"line":20,"column":8},"end":{"line":20,"column":47}}},"fnMap":{"0":{"name":"validateJwt","decl":{"start":{"line":6,"column":16},"end":{"line":6,"column":27}},"loc":{"start":{"line":6,"column":87},"end":{"line":22,"column":1}},"line":6}},"branchMap":{"0":{"loc":{"start":{"line":11,"column":8},"end":{"line":16,"column":9}},"type":"if","locations":[{"start":{"line":11,"column":8},"end":{"line":16,"column":9}},{"start":{},"end":{}}],"line":11}},"s":{"0":0,"1":0,"2":0,"3":0,"4":0,"5":0,"6":0,"7":0,"8":0,"9":0},"f":{"0":0},"b":{"0":[0,0]}}
,"C:\\Users\\biape\\blogging-api\\src\\routes\\index.routes.ts": {"path":"C:\\Users\\biape\\blogging-api\\src\\routes\\index.routes.ts","statementMap":{"0":{"start":{"line":12,"column":15},"end":{"line":12,"column":23}},"1":{"start":{"line":14,"column":0},"end":{"line":14,"column":37}},"2":{"start":{"line":15,"column":0},"end":{"line":15,"column":40}},"3":{"start":{"line":16,"column":0},"end":{"line":16,"column":47}},"4":{"start":{"line":17,"column":0},"end":{"line":17,"column":45}},"5":{"start":{"line":18,"column":0},"end":{"line":18,"column":38}},"6":{"start":{"line":19,"column":0},"end":{"line":19,"column":34}},"7":{"start":{"line":20,"column":0},"end":{"line":20,"column":34}},"8":{"start":{"line":21,"column":0},"end":{"line":21,"column":34}},"9":{"start":{"line":22,"column":0},"end":{"line":22,"column":39}}},"fnMap":{},"branchMap":{},"s":{"0":0,"1":0,"2":0,"3":0,"4":0,"5":0,"6":0,"7":0,"8":0,"9":0},"f":{},"b":{}}
,"C:\\Users\\biape\\blogging-api\\src\\services\\posts\\create-post-service.ts": {"path":"C:\\Users\\biape\\blogging-api\\src\\services\\posts\\create-post-service.ts","statementMap":{"0":{"start":{"line":6,"column":29},"end":{"line":6,"column":43}},"1":{"start":{"line":9,"column":21},"end":{"line":9,"column":53}},"2":{"start":{"line":10,"column":8},"end":{"line":10,"column":52}}},"fnMap":{"0":{"name":"(anonymous_0)","decl":{"start":{"line":8,"column":4},"end":{"line":8,"column":5}},"loc":{"start":{"line":8,"column":33},"end":{"line":11,"column":5}},"line":8}},"branchMap":{},"s":{"0":0,"1":0,"2":0},"f":{"0":0},"b":{}}
,"C:\\Users\\biape\\blogging-api\\src\\services\\posts\\delete-post-service.ts": {"path":"C:\\Users\\biape\\blogging-api\\src\\services\\posts\\delete-post-service.ts","statementMap":{"0":{"start":{"line":5,"column":29},"end":{"line":5,"column":43}},"1":{"start":{"line":8,"column":21},"end":{"line":10,"column":10}},"2":{"start":{"line":12,"column":8},"end":{"line":14,"column":9}},"3":{"start":{"line":13,"column":12},"end":{"line":13,"column":33}},"4":{"start":{"line":16,"column":8},"end":{"line":19,"column":23}}},"fnMap":{"0":{"name":"(anonymous_0)","decl":{"start":{"line":7,"column":4},"end":{"line":7,"column":5}},"loc":{"start":{"line":7,"column":30},"end":{"line":20,"column":5}},"line":7}},"branchMap":{"0":{"loc":{"start":{"line":12,"column":8},"end":{"line":14,"column":9}},"type":"if","locations":[{"start":{"line":12,"column":8},"end":{"line":14,"column":9}},{"start":{},"end":{}}],"line":12}},"s":{"0":0,"1":0,"2":0,"3":0,"4":0},"f":{"0":0},"b":{"0":[0,0]}}
,"C:\\Users\\biape\\blogging-api\\src\\services\\posts\\get-all-posts-admin-service.ts": {"path":"C:\\Users\\biape\\blogging-api\\src\\services\\posts\\get-all-posts-admin-service.ts","statementMap":{"0":{"start":{"line":4,"column":29},"end":{"line":4,"column":43}},"1":{"start":{"line":7,"column":22},"end":{"line":7,"column":54}},"2":{"start":{"line":8,"column":8},"end":{"line":8,"column":21}}},"fnMap":{"0":{"name":"(anonymous_0)","decl":{"start":{"line":6,"column":4},"end":{"line":6,"column":5}},"loc":{"start":{"line":6,"column":20},"end":{"line":9,"column":5}},"line":6}},"branchMap":{},"s":{"0":0,"1":0,"2":0},"f":{"0":0},"b":{}}
,"C:\\Users\\biape\\blogging-api\\src\\services\\posts\\get-all-posts-search-service.ts": {"path":"C:\\Users\\biape\\blogging-api\\src\\services\\posts\\get-all-posts-search-service.ts","statementMap":{"0":{"start":{"line":5,"column":29},"end":{"line":5,"column":43}},"1":{"start":{"line":8,"column":22},"end":{"line":8,"column":89}},"2":{"start":{"line":9,"column":8},"end":{"line":9,"column":21}}},"fnMap":{"0":{"name":"(anonymous_0)","decl":{"start":{"line":7,"column":4},"end":{"line":7,"column":5}},"loc":{"start":{"line":7,"column":35},"end":{"line":10,"column":5}},"line":7}},"branchMap":{},"s":{"0":0,"1":0,"2":0},"f":{"0":0},"b":{}}
,"C:\\Users\\biape\\blogging-api\\src\\services\\posts\\get-all-posts-service.ts": {"path":"C:\\Users\\biape\\blogging-api\\src\\services\\posts\\get-all-posts-service.ts","statementMap":{"0":{"start":{"line":4,"column":29},"end":{"line":4,"column":43}},"1":{"start":{"line":7,"column":22},"end":{"line":7,"column":112}},"2":{"start":{"line":8,"column":8},"end":{"line":8,"column":21}}},"fnMap":{"0":{"name":"(anonymous_0)","decl":{"start":{"line":6,"column":4},"end":{"line":6,"column":5}},"loc":{"start":{"line":6,"column":20},"end":{"line":9,"column":5}},"line":6}},"branchMap":{},"s":{"0":0,"1":0,"2":0},"f":{"0":0},"b":{}}
,"C:\\Users\\biape\\blogging-api\\src\\services\\posts\\get-post-by-id-service.ts": {"path":"C:\\Users\\biape\\blogging-api\\src\\services\\posts\\get-post-by-id-service.ts","statementMap":{"0":{"start":{"line":5,"column":29},"end":{"line":5,"column":43}},"1":{"start":{"line":8,"column":21},"end":{"line":10,"column":10}},"2":{"start":{"line":12,"column":8},"end":{"line":14,"column":9}},"3":{"start":{"line":13,"column":12},"end":{"line":13,"column":33}},"4":{"start":{"line":16,"column":8},"end":{"line":16,"column":20}}},"fnMap":{"0":{"name":"(anonymous_0)","decl":{"start":{"line":7,"column":4},"end":{"line":7,"column":5}},"loc":{"start":{"line":7,"column":30},"end":{"line":17,"column":5}},"line":7}},"branchMap":{"0":{"loc":{"start":{"line":12,"column":8},"end":{"line":14,"column":9}},"type":"if","locations":[{"start":{"line":12,"column":8},"end":{"line":14,"column":9}},{"start":{},"end":{}}],"line":12}},"s":{"0":0,"1":0,"2":0,"3":0,"4":0},"f":{"0":0},"b":{"0":[0,0]}}
,"C:\\Users\\biape\\blogging-api\\src\\services\\posts\\update-post-service.ts": {"path":"C:\\Users\\biape\\blogging-api\\src\\services\\posts\\update-post-service.ts","statementMap":{"0":{"start":{"line":6,"column":29},"end":{"line":6,"column":43}},"1":{"start":{"line":9,"column":21},"end":{"line":11,"column":10}},"2":{"start":{"line":13,"column":8},"end":{"line":15,"column":9}},"3":{"start":{"line":14,"column":12},"end":{"line":14,"column":33}},"4":{"start":{"line":17,"column":8},"end":{"line":24,"column":23}}},"fnMap":{"0":{"name":"(anonymous_0)","decl":{"start":{"line":8,"column":4},"end":{"line":8,"column":5}},"loc":{"start":{"line":8,"column":52},"end":{"line":25,"column":5}},"line":8}},"branchMap":{"0":{"loc":{"start":{"line":13,"column":8},"end":{"line":15,"column":9}},"type":"if","locations":[{"start":{"line":13,"column":8},"end":{"line":15,"column":9}},{"start":{},"end":{}}],"line":13}},"s":{"0":0,"1":0,"2":0,"3":0,"4":0},"f":{"0":0},"b":{"0":[0,0]}}
,"C:\\Users\\biape\\blogging-api\\src\\services\\users\\create-user-service.ts": {"path":"C:\\Users\\biape\\blogging-api\\src\\services\\users\\create-user-service.ts","statementMap":{"0":{"start":{"line":6,"column":29},"end":{"line":6,"column":43}},"1":{"start":{"line":10,"column":21},"end":{"line":12,"column":10}},"2":{"start":{"line":14,"column":8},"end":{"line":16,"column":9}},"3":{"start":{"line":15,"column":12},"end":{"line":15,"column":38}},"4":{"start":{"line":18,"column":24},"end":{"line":18,"column":56}},"5":{"start":{"line":19,"column":8},"end":{"line":19,"column":55}}},"fnMap":{"0":{"name":"(anonymous_0)","decl":{"start":{"line":8,"column":4},"end":{"line":8,"column":5}},"loc":{"start":{"line":8,"column":33},"end":{"line":20,"column":5}},"line":8}},"branchMap":{"0":{"loc":{"start":{"line":14,"column":8},"end":{"line":16,"column":9}},"type":"if","locations":[{"start":{"line":14,"column":8},"end":{"line":16,"column":9}},{"start":{},"end":{}}],"line":14}},"s":{"0":0,"1":0,"2":0,"3":0,"4":0,"5":0},"f":{"0":0},"b":{"0":[0,0]}}
,"C:\\Users\\biape\\blogging-api\\src\\services\\users\\login-user-service.ts": {"path":"C:\\Users\\biape\\blogging-api\\src\\services\\users\\login-user-service.ts","statementMap":{"0":{"start":{"line":5,"column":29},"end":{"line":5,"column":43}},"1":{"start":{"line":8,"column":21},"end":{"line":10,"column":10}},"2":{"start":{"line":12,"column":8},"end":{"line":12,"column":50}},"3":{"start":{"line":12,"column":18},"end":{"line":12,"column":50}},"4":{"start":{"line":14,"column":8},"end":{"line":14,"column":20}}},"fnMap":{"0":{"name":"(anonymous_0)","decl":{"start":{"line":7,"column":4},"end":{"line":7,"column":5}},"loc":{"start":{"line":7,"column":36},"end":{"line":15,"column":5}},"line":7}},"branchMap":{"0":{"loc":{"start":{"line":12,"column":8},"end":{"line":12,"column":50}},"type":"if","locations":[{"start":{"line":12,"column":8},"end":{"line":12,"column":50}},{"start":{},"end":{}}],"line":12}},"s":{"0":0,"1":0,"2":0,"3":0,"4":0},"f":{"0":0},"b":{"0":[0,0]}}
,"C:\\Users\\biape\\blogging-api\\src\\utils\\errorHandler.ts": {"path":"C:\\Users\\biape\\blogging-api\\src\\utils\\errorHandler.ts","statementMap":{"0":{"start":{"line":6,"column":4},"end":{"line":14,"column":5}},"1":{"start":{"line":7,"column":8},"end":{"line":7,"column":73}},"2":{"start":{"line":8,"column":11},"end":{"line":14,"column":5}},"3":{"start":{"line":9,"column":8},"end":{"line":9,"column":85}},"4":{"start":{"line":10,"column":11},"end":{"line":14,"column":5}},"5":{"start":{"line":11,"column":8},"end":{"line":11,"column":65}},"6":{"start":{"line":12,"column":11},"end":{"line":14,"column":5}},"7":{"start":{"line":13,"column":8},"end":{"line":13,"column":65}},"8":{"start":{"line":16,"column":4},"end":{"line":16,"column":68}},"9":{"start":{"line":20,"column":4},"end":{"line":20,"column":60}},"10":{"start":{"line":24,"column":4},"end":{"line":24,"column":64}},"11":{"start":{"line":28,"column":4},"end":{"line":28,"column":77}}},"fnMap":{"0":{"name":"errorHandler","decl":{"start":{"line":5,"column":16},"end":{"line":5,"column":28}},"loc":{"start":{"line":5,"column":61},"end":{"line":17,"column":1}},"line":5},"1":{"name":"handlePostNotFound","decl":{"start":{"line":19,"column":16},"end":{"line":19,"column":34}},"loc":{"start":{"line":19,"column":37},"end":{"line":21,"column":1}},"line":19},"2":{"name":"handleUserAlreadyExists","decl":{"start":{"line":23,"column":16},"end":{"line":23,"column":39}},"loc":{"start":{"line":23,"column":42},"end":{"line":25,"column":1}},"line":23},"3":{"name":"handleInvalidCredentialsError","decl":{"start":{"line":27,"column":16},"end":{"line":27,"column":45}},"loc":{"start":{"line":27,"column":48},"end":{"line":29,"column":1}},"line":27}},"branchMap":{"0":{"loc":{"start":{"line":6,"column":4},"end":{"line":14,"column":5}},"type":"if","locations":[{"start":{"line":6,"column":4},"end":{"line":14,"column":5}},{"start":{"line":8,"column":11},"end":{"line":14,"column":5}}],"line":6},"1":{"loc":{"start":{"line":8,"column":11},"end":{"line":14,"column":5}},"type":"if","locations":[{"start":{"line":8,"column":11},"end":{"line":14,"column":5}},{"start":{"line":10,"column":11},"end":{"line":14,"column":5}}],"line":8},"2":{"loc":{"start":{"line":10,"column":11},"end":{"line":14,"column":5}},"type":"if","locations":[{"start":{"line":10,"column":11},"end":{"line":14,"column":5}},{"start":{"line":12,"column":11},"end":{"line":14,"column":5}}],"line":10},"3":{"loc":{"start":{"line":12,"column":11},"end":{"line":14,"column":5}},"type":"if","locations":[{"start":{"line":12,"column":11},"end":{"line":14,"column":5}},{"start":{},"end":{}}],"line":12}},"s":{"0":0,"1":0,"2":0,"3":0,"4":0,"5":0,"6":0,"7":0,"8":0,"9":1,"10":1,"11":1},"f":{"0":0,"1":1,"2":1,"3":1},"b":{"0":[0,0],"1":[0,0],"2":[0,0],"3":[0,0]},"_coverageSchema":"1a1c01bbd47fc00a2c39e90264f33305004495a9","hash":"e87602ba804b35dcac780f39b1245c4d15278cd4"}
,"C:\\Users\\biape\\blogging-api\\src\\utils\\schemas.ts": {"path":"C:\\Users\\biape\\blogging-api\\src\\utils\\schemas.ts","statementMap":{"0":{"start":{"line":3,"column":30},"end":{"line":6,"column":2}},"1":{"start":{"line":8,"column":32},"end":{"line":10,"column":2}},"2":{"start":{"line":12,"column":37},"end":{"line":14,"column":2}},"3":{"start":{"line":17,"column":30},"end":{"line":20,"column":2}}},"fnMap":{},"branchMap":{},"s":{"0":0,"1":0,"2":0,"3":0},"f":{},"b":{}}
}
