TN:
SF:src\controllers\posts\create-post.ts
FN:8,createPost
FNF:1
FNH:1
FNDA:4,createPost
DA:9,4
DA:10,4
DA:12,2
DA:13,2
DA:15,1
DA:17,3
LF:6
LH:6
BRF:0
BRH:0
end_of_record
TN:
SF:src\controllers\posts\delete-post.ts
FN:8,deletePost
FNF:1
FNH:1
FNDA:3,deletePost
DA:9,3
DA:10,3
DA:12,2
DA:13,2
DA:15,1
DA:17,2
LF:6
LH:6
BRF:0
BRH:0
end_of_record
TN:
SF:src\controllers\posts\get-all-posts-admin.ts
FN:7,getAllPostsAdmin
FNF:1
FNH:1
FNDA:2,getAllPostsAdmin
DA:8,2
DA:9,2
DA:10,2
DA:12,1
DA:14,1
LF:5
LH:5
BRF:0
BRH:0
end_of_record
TN:
SF:src\controllers\posts\get-all-posts-search.ts
FN:8,getAllPostsSearch
FNF:1
FNH:1
FNDA:3,getAllPostsSearch
DA:9,3
DA:10,3
DA:12,2
DA:13,2
DA:15,1
DA:17,2
LF:6
LH:6
BRF:0
BRH:0
end_of_record
TN:
SF:src\controllers\posts\get-all-posts.ts
FN:7,getAllPosts
FNF:1
FNH:1
FNDA:2,getAllPosts
DA:8,2
DA:9,2
DA:10,2
DA:12,1
DA:14,1
LF:5
LH:5
BRF:0
BRH:0
end_of_record
TN:
SF:src\controllers\posts\get-post-by-id.ts
FN:8,getPostById
FNF:1
FNH:1
FNDA:3,getPostById
DA:9,3
DA:10,3
DA:12,2
DA:13,2
DA:15,1
DA:17,2
LF:6
LH:6
BRF:0
BRH:0
end_of_record
TN:
SF:src\controllers\posts\update-post.ts
FN:8,updatePost
FNF:1
FNH:1
FNDA:5,updatePost
DA:9,5
DA:10,5
DA:11,4
DA:13,2
DA:14,2
DA:16,1
DA:18,4
LF:7
LH:7
BRF:0
BRH:0
end_of_record
TN:
SF:src\controllers\users\create-user.ts
FN:10,createUser
FNF:1
FNH:1
FNDA:4,createUser
DA:11,4
DA:12,4
DA:14,2
DA:16,2
DA:17,2
DA:19,1
DA:21,3
LF:7
LH:7
BRF:0
BRH:0
end_of_record
TN:
SF:src\controllers\users\login-user.ts
FN:13,loginUser
FNF:1
FNH:1
FNDA:5,loginUser
DA:11,1
DA:14,5
DA:15,5
DA:17,3
DA:18,3
DA:20,2
DA:22,2
DA:24,1
DA:26,1
DA:28,4
LF:10
LH:10
BRDA:22,0,0,1
BRDA:22,0,1,1
BRF:2
BRH:2
end_of_record
TN:
SF:src\middlewares\validate-jwt.ts
FN:6,validateJwt
FNF:1
FNH:0
FNDA:0,validateJwt
DA:7,0
DA:8,0
DA:9,0
DA:11,0
DA:12,0
DA:13,0
DA:14,0
DA:15,0
DA:18,0
DA:20,0
LF:10
LH:0
BRDA:11,0,0,0
BRDA:11,0,1,0
BRF:2
BRH:0
end_of_record
TN:
SF:src\routes\index.routes.ts
FNF:0
FNH:0
DA:12,0
DA:14,0
DA:15,0
DA:16,0
DA:17,0
DA:18,0
DA:19,0
DA:20,0
DA:21,0
DA:22,0
LF:10
LH:0
BRF:0
BRH:0
end_of_record
TN:
SF:src\services\posts\create-post-service.ts
FN:8,(anonymous_0)
FNF:1
FNH:0
FNDA:0,(anonymous_0)
DA:6,0
DA:9,0
DA:10,0
LF:3
LH:0
BRF:0
BRH:0
end_of_record
TN:
SF:src\services\posts\delete-post-service.ts
FN:7,(anonymous_0)
FNF:1
FNH:0
FNDA:0,(anonymous_0)
DA:5,0
DA:8,0
DA:12,0
DA:13,0
DA:16,0
LF:5
LH:0
BRDA:12,0,0,0
BRDA:12,0,1,0
BRF:2
BRH:0
end_of_record
TN:
SF:src\services\posts\get-all-posts-admin-service.ts
FN:6,(anonymous_0)
FNF:1
FNH:0
FNDA:0,(anonymous_0)
DA:4,0
DA:7,0
DA:8,0
LF:3
LH:0
BRF:0
BRH:0
end_of_record
TN:
SF:src\services\posts\get-all-posts-search-service.ts
FN:7,(anonymous_0)
FNF:1
FNH:0
FNDA:0,(anonymous_0)
DA:5,0
DA:8,0
DA:9,0
LF:3
LH:0
BRF:0
BRH:0
end_of_record
TN:
SF:src\services\posts\get-all-posts-service.ts
FN:6,(anonymous_0)
FNF:1
FNH:0
FNDA:0,(anonymous_0)
DA:4,0
DA:7,0
DA:8,0
LF:3
LH:0
BRF:0
BRH:0
end_of_record
TN:
SF:src\services\posts\get-post-by-id-service.ts
FN:7,(anonymous_0)
FNF:1
FNH:0
FNDA:0,(anonymous_0)
DA:5,0
DA:8,0
DA:12,0
DA:13,0
DA:16,0
LF:5
LH:0
BRDA:12,0,0,0
BRDA:12,0,1,0
BRF:2
BRH:0
end_of_record
TN:
SF:src\services\posts\update-post-service.ts
FN:8,(anonymous_0)
FNF:1
FNH:0
FNDA:0,(anonymous_0)
DA:6,0
DA:9,0
DA:13,0
DA:14,0
DA:17,0
LF:5
LH:0
BRDA:13,0,0,0
BRDA:13,0,1,0
BRF:2
BRH:0
end_of_record
TN:
SF:src\services\users\create-user-service.ts
FN:8,(anonymous_0)
FNF:1
FNH:0
FNDA:0,(anonymous_0)
DA:6,0
DA:10,0
DA:14,0
DA:15,0
DA:18,0
DA:19,0
LF:6
LH:0
BRDA:14,0,0,0
BRDA:14,0,1,0
BRF:2
BRH:0
end_of_record
TN:
SF:src\services\users\login-user-service.ts
FN:7,(anonymous_0)
FNF:1
FNH:0
FNDA:0,(anonymous_0)
DA:5,0
DA:8,0
DA:12,0
DA:14,0
LF:4
LH:0
BRDA:12,0,0,0
BRDA:12,0,1,0
BRF:2
BRH:0
end_of_record
TN:
SF:src\utils\errorHandler.ts
FN:6,errorHandler
FN:30,handlePostNotFound
FN:34,handleUserAlreadyExists
FN:38,handleInvalidCredentialsError
FNF:4
FNH:4
FNDA:22,errorHandler
FNDA:1,handlePostNotFound
FNDA:1,handleUserAlreadyExists
FNDA:2,handleInvalidCredentialsError
DA:7,22
DA:8,12
DA:11,10
DA:12,0
DA:15,10
DA:16,0
DA:19,10
DA:20,0
DA:23,10
DA:24,1
DA:27,9
DA:31,1
DA:35,1
DA:39,2
LF:14
LH:11
BRDA:7,0,0,12
BRDA:7,0,1,10
BRDA:11,1,0,0
BRDA:11,1,1,10
BRDA:15,2,0,0
BRDA:15,2,1,10
BRDA:19,3,0,0
BRDA:19,3,1,10
BRDA:23,4,0,1
BRDA:23,4,1,9
BRF:10
BRH:7
end_of_record
TN:
SF:src\utils\schemas.ts
FNF:0
FNH:0
DA:3,7
DA:8,7
DA:12,7
DA:17,7
LF:4
LH:4
BRF:0
BRH:0
end_of_record
